<?xml version="1.0" encoding="utf-8" standalone="no"?>
<!--This file represents the results of running a test suite-->
<test-results name="C:\ppt\Web\source\Ppt.DataMigration.Tests\bin\Debug\Ppt.DataMigration.Tests.dll" total="4" errors="4" failures="0" not-run="0" inconclusive="0" ignored="0" skipped="0" invalid="0" date="2011-10-22" time="21:08:16">
  <environment nunit-version="2.5.10.11092" clr-version="2.0.50727.5446" os-version="Microsoft Windows NT 6.1.7601 Service Pack 1" platform="Win32NT" cwd="C:\Program Files (x86)\NUnit 2.5.10\bin\net-2.0" machine-name="AST-LAPTOP1" user="kxm" user-domain="EDU2000" />
  <culture-info current-culture="en-GB" current-uiculture="en-US" />
  <test-suite type="Assembly" name="C:\ppt\Web\source\Ppt.DataMigration.Tests\bin\Debug\Ppt.DataMigration.Tests.dll" executed="True" result="Failure" success="False" time="1.451" asserts="0">
    <results>
      <test-suite type="Namespace" name="Ppt" executed="True" result="Failure" success="False" time="1.430" asserts="0">
        <results>
          <test-suite type="Namespace" name="DataMigration" executed="True" result="Failure" success="False" time="1.430" asserts="0">
            <results>
              <test-suite type="Namespace" name="Tests" executed="True" result="Failure" success="False" time="1.430" asserts="0">
                <results>
                  <test-suite type="Namespace" name="Services" executed="True" result="Failure" success="False" time="1.429" asserts="0">
                    <results>
                      <test-suite type="Namespace" name="Friends" executed="True" result="Failure" success="False" time="1.414" asserts="0">
                        <results>
                          <test-suite type="TestFixture" name="CountryFixture" executed="True" result="Failure" success="False" time="1.205" asserts="0">
                            <results>
                              <test-case name="Ppt.DataMigration.Tests.Services.Friends.CountryFixture.Migrate" executed="True" result="Error" success="False" time="1.178" asserts="0">
                                <failure>
                                  <message><![CDATA[System.Data.SqlClient.SqlException : Login failed for user 'sa'.]]></message>
                                  <stack-trace><![CDATA[at Ppt.DataMigration.Services.Friends.Country.MigrateTable() in C:\PPT\Web\source\Ppt.DataMigration\Services\Friends\Country.cs:line 62
at Ppt.DataMigration.Tests.Services.Friends.CountryFixture.Migrate() in C:\PPT\Web\source\Ppt.DataMigration.Tests\Services\Friends\CountryFixture.cs:line 32
]]></stack-trace>
                                </failure>
                              </test-case>
                            </results>
                          </test-suite>
                          <test-suite type="TestFixture" name="Lookup_CountryFixture" executed="True" result="Failure" success="False" time="0.003" asserts="0">
                            <results>
                              <test-case name="Ppt.DataMigration.Tests.Services.Friends.Lookup_CountryFixture.Migrate" executed="True" result="Error" success="False" time="0.002" asserts="0">
                                <failure>
                                  <message><![CDATA[System.Data.SqlClient.SqlException : Login failed for user 'sa'.]]></message>
                                  <stack-trace><![CDATA[at Ppt.DataMigration.Services.Friends.Country.MigrateTable() in C:\PPT\Web\source\Ppt.DataMigration\Services\Friends\Country.cs:line 62
at Ppt.DataMigration.Tests.Services.Friends.Lookup_CountryFixture.Migrate() in C:\PPT\Web\source\Ppt.DataMigration.Tests\Services\Prisoner\Lookup_DestinationFixture.cs:line 33
]]></stack-trace>
                                </failure>
                              </test-case>
                            </results>
                          </test-suite>
                          <test-suite type="TestFixture" name="Lookup_DestinationFixture" executed="True" result="Failure" success="False" time="0.003" asserts="0">
                            <results>
                              <test-case name="Ppt.DataMigration.Tests.Services.Friends.Lookup_DestinationFixture.Migrate" executed="True" result="Error" success="False" time="0.002" asserts="0">
                                <failure>
                                  <message><![CDATA[System.Data.SqlClient.SqlException : Login failed for user 'sa'.]]></message>
                                  <stack-trace><![CDATA[at Ppt.DataMigration.Services.Prisoner.Lookup_Destination.MigrateTable() in C:\PPT\Web\source\Ppt.DataMigration\Services\Prisoner\Lookup_Destination.cs:line 62
at Ppt.DataMigration.Tests.Services.Friends.Lookup_DestinationFixture.Migrate() in C:\PPT\Web\source\Ppt.DataMigration.Tests\Services\Prisoner\Lookup_CountryFixture.cs:line 33
]]></stack-trace>
                                </failure>
                              </test-case>
                            </results>
                          </test-suite>
                        </results>
                      </test-suite>
                      <test-suite type="Namespace" name="Prisoner" executed="True" result="Failure" success="False" time="0.004" asserts="0">
                        <results>
                          <test-suite type="TestFixture" name="Lookup_PostTownFixture" executed="True" result="Failure" success="False" time="0.003" asserts="0">
                            <results>
                              <test-case name="Ppt.DataMigration.Tests.Services.Prisoner.Lookup_PostTownFixture.Migrate" executed="True" result="Error" success="False" time="0.002" asserts="0">
                                <failure>
                                  <message><![CDATA[System.Data.SqlClient.SqlException : Login failed for user 'sa'.]]></message>
                                  <stack-trace><![CDATA[at Ppt.DataMigration.Services.Prisoner.Lookup_PostTown.MigrateTable() in C:\PPT\Web\source\Ppt.DataMigration\Services\Prisoner\Lookup_PostTown.cs:line 59
at Ppt.DataMigration.Tests.Services.Prisoner.Lookup_PostTownFixture.Migrate() in C:\PPT\Web\source\Ppt.DataMigration.Tests\Services\Prisoner\Lookup_PostTown.cs:line 33
]]></stack-trace>
                                </failure>
                              </test-case>
                            </results>
                          </test-suite>
                        </results>
                      </test-suite>
                    </results>
                  </test-suite>
                </results>
              </test-suite>
            </results>
          </test-suite>
        </results>
      </test-suite>
    </results>
  </test-suite>
</test-results>